<?xml version="1.0" encoding="UTF-8"?>
<testsuite name="PersonTest" time="0.399" tests="4" errors="0" skipped="0" failures="0">
  <properties>
[...]
</properties>
  <testcase name="person_name_should_be_different_after_update" classname="PersonTest" time="0.156"/>
  <testcase name="person_surname_should_be_equal_to_person_added_to_DB" classname="PersonTest" time="0.181"/>
  <testcase name="person_list_in_DB_should_be_larger_after_add_person" classname="PersonTest" time="0.022"/>
  <testcase name="return_list_person_who_have_phone_with_number" classname="PersonTest" time="0.04"/>
</testsuite>